#
# There is insufficient memory for the Java Runtime Environment to continue.
# Native memory allocation (malloc) failed to allocate 932096 bytes for Chunk::new
# Possible reasons:
#   The system is out of physical RAM or swap space
#   The process is running with CompressedOops enabled, and the Java Heap may be blocking the growth of the native heap
# Possible solutions:
#   Reduce memory load on the system
#   Increase physical memory or swap space
#   Check if swap backing store is full
#   Decrease Java heap size (-Xmx/-Xms)
#   Decrease number of Java threads
#   Decrease Java thread stack sizes (-Xss)
#   Set larger code cache with -XX:ReservedCodeCacheSize=
#   JVM is running with Unscaled Compressed Oops mode in which the Java heap is
#     placed in the first 4GB address space. The Java Heap base address is the
#     maximum limit for the native heap growth. Please use -XX:HeapBaseMinAddress
#     to set the Java Heap base and to place the Java Heap above 4GB virtual address.
# This output file may be truncated or incomplete.
#
#  Out of Memory Error (allocation.cpp:389), pid=3980, tid=0x0000000000000bbc
#
# JRE version: OpenJDK Runtime Environment (8.0_202-b03) (build 1.8.0_202-release-1483-b03)
# Java VM: OpenJDK 64-Bit Server VM (25.202-b03 mixed mode windows-amd64 compressed oops)
# Failed to write core dump. Minidumps are not enabled by default on client versions of Windows
#

---------------  T H R E A D  ---------------

Current thread (0x0000000018052800):  JavaThread "C2 CompilerThread1" daemon [_thread_in_native, id=3004, stack(0x0000000018a20000,0x0000000018b20000)]

Stack: [0x0000000018a20000,0x0000000018b20000]
[error occurred during error reporting (printing stack bounds), id 0xc0000005]

Native frames: (J=compiled Java code, j=interpreted, Vv=VM code, C=native code)


Current CompileTask:
C2:   3376 2370       4       java.net.URLClassLoader$1::run (5 bytes)


---------------  P R O C E S S  ---------------

Java Threads: ( => current thread )
  0x0000000019f84800 JavaThread "Cache worker for cache directory md-rule (C:\Users\Kantarat\.gradle\caches\5.4.1\md-rule)" [_thread_blocked, id=11596, stack(0x000000001f8c0000,0x000000001f9c0000)]
  0x0000000019f83800 JavaThread "Cache worker for cache directory md-supplier (C:\Users\Kantarat\.gradle\caches\5.4.1\md-supplier)" [_thread_blocked, id=7816, stack(0x000000001f220000,0x000000001f320000)]
  0x0000000019f88000 JavaThread "Cache worker for file hash cache (C:\Users\Kantarat\ohMyCost\.gradle\5.4.1\fileHashes)" [_thread_blocked, id=5084, stack(0x000000001f3c0000,0x000000001f4c0000)]
  0x0000000019f87800 JavaThread "Cache worker for journal cache (C:\Users\Kantarat\.gradle\caches\journal-1)" [_thread_blocked, id=1068, stack(0x000000001bbb0000,0x000000001bcb0000)]
  0x0000000019f86800 JavaThread "File lock request listener" [_thread_in_native, id=6996, stack(0x000000001bab0000,0x000000001bbb0000)]
  0x000000001a548800 JavaThread "Cache worker for file hash cache (C:\Users\Kantarat\.gradle\caches\5.4.1\fileHashes)" [_thread_blocked, id=14524, stack(0x000000001b9b0000,0x000000001bab0000)]
  0x0000000018363800 JavaThread "Thread-9" [_thread_blocked, id=15592, stack(0x000000001b8b0000,0x000000001b9b0000)]
  0x000000001815c000 JavaThread "Stdin handler" [_thread_blocked, id=9800, stack(0x000000001b7b0000,0x000000001b8b0000)]
  0x000000001815b000 JavaThread "Asynchronous log dispatcher for DefaultDaemonConnection: socket connection from /127.0.0.1:56422 to /127.0.0.1:56423" [_thread_blocked, id=12868, stack(0x000000001b6b0000,0x000000001b7b0000)]
  0x000000001a0ce800 JavaThread "Daemon worker" [_thread_in_vm, id=1416, stack(0x000000001b5b0000,0x000000001b6b0000)]
  0x000000001a0ce000 JavaThread "Cancel handler" [_thread_blocked, id=7532, stack(0x000000001b4b0000,0x000000001b5b0000)]
  0x00000000191ee800 JavaThread "Handler for socket connection from /127.0.0.1:56422 to /127.0.0.1:56423" [_thread_in_native, id=13036, stack(0x000000001b1b0000,0x000000001b2b0000)]
  0x00000000191ec000 JavaThread "Daemon" [_thread_blocked, id=14744, stack(0x000000001b0b0000,0x000000001b1b0000)]
  0x000000001902f800 JavaThread "Daemon periodic checks" [_thread_blocked, id=15652, stack(0x000000001afb0000,0x000000001b0b0000)]
  0x0000000019107800 JavaThread "Incoming local TCP Connector on port 56422" [_thread_in_native, id=2136, stack(0x000000001ad70000,0x000000001ae70000)]
  0x000000001a2de800 JavaThread "Daemon health stats" [_thread_blocked, id=2912, stack(0x000000001a730000,0x000000001a830000)]
  0x00000000180d5800 JavaThread "Service Thread" daemon [_thread_blocked, id=4924, stack(0x0000000018d20000,0x0000000018e20000)]
  0x000000001809b000 JavaThread "C1 CompilerThread3" daemon [_thread_blocked, id=13684, stack(0x0000000018c20000,0x0000000018d20000)]
  0x0000000018057000 JavaThread "C2 CompilerThread2" daemon [_thread_in_native, id=12740, stack(0x0000000018b20000,0x0000000018c20000)]
=>0x0000000018052800 JavaThread "C2 CompilerThread1" daemon [_thread_in_native, id=3004, stack(0x0000000018a20000,0x0000000018b20000)]
  0x000000001804f800 JavaThread "C2 CompilerThread0" daemon [_thread_blocked, id=11548, stack(0x0000000018920000,0x0000000018a20000)]
  0x000000001804f000 JavaThread "Attach Listener" daemon [_thread_blocked, id=6668, stack(0x0000000018820000,0x0000000018920000)]
  0x000000001804a000 JavaThread "Signal Dispatcher" daemon [_thread_blocked, id=8344, stack(0x0000000018720000,0x0000000018820000)]
  0x000000000247e000 JavaThread "Finalizer" daemon [_thread_blocked, id=6584, stack(0x0000000018520000,0x0000000018620000)]
  0x0000000002475000 JavaThread "Reference Handler" daemon [_thread_blocked, id=11336, stack(0x0000000018420000,0x0000000018520000)]
  0x0000000000a1e000 JavaThread "main" [_thread_blocked, id=7784, stack(0x0000000002280000,0x0000000002380000)]

Other Threads:
  0x0000000016237800 VMThread [stack: 0x0000000017f20000,0x0000000018020000] [id=13116]
  0x00000000180d6800 WatcherThread [stack: 0x0000000018e20000,0x0000000018f20000] [id=13828]

VM state:not at safepoint (normal execution)

VM Mutex/Monitor currently owned by a thread: None

heap address: 0x00000000a0000000, size: 1536 MB, Compressed Oops mode: 32-bit
Narrow klass base: 0x0000000000000000, Narrow klass shift: 3
Compressed class space size: 1073741824 Address: 0x0000000100000000

Heap:
 PSYoungGen      total 75776K, used 43758K [0x00000000e0000000, 0x00000000e5400000, 0x0000000100000000)
  eden space 65536K, 54% used [0x00000000e0000000,0x00000000e22df018,0x00000000e4000000)
  from space 10240K, 78% used [0x00000000e4000000,0x00000000e47dca88,0x00000000e4a00000)
  to   space 10240K, 0% used [0x00000000e4a00000,0x00000000e4a00000,0x00000000e5400000)
 ParOldGen       total 58368K, used 8442K [0x00000000a0000000, 0x00000000a3900000, 0x00000000e0000000)
  object space 58368K, 14% used [0x00000000a0000000,0x00000000a083eb80,0x00000000a3900000)
 Metaspace       used 30516K, capacity 30998K, committed 31360K, reserved 1077248K
  class space    used 4173K, capacity 4364K, committed 4480K, reserved 1048576K

Card table byte_map: [0x0000000011840000,0x0000000011b50000] byte_map_base: 0x0000000011340000

Marking Bits: (ParMarkBitMap*) 0x000000006e9d9f30
 Begin Bits: [0x0000000012550000, 0x0000000013d50000)
 End Bits:   [0x0000000013d50000, 0x0000000015550000)

Polling page: 0x00000000009f0000

CodeCache: size=245760Kb used=9005Kb max_used=9005Kb free=236754Kb
 bounds [0x0000000002480000, 0x0000000002d60000, 0x0000000011480000]
 total_blobs=3051 nmethods=2375 adapters=589
 compilation: enabled

Compilation events (10 events):
Event: 3.347 Thread 0x000000001809b000 2373       1       java.util.TreeMap$Entry::getKey (5 bytes)
Event: 3.347 Thread 0x000000001809b000 nmethod 2373 0x0000000002d46550 code [0x0000000002d466a0, 0x0000000002d467b0]
Event: 3.355 Thread 0x000000001809b000 2374       3       java.util.concurrent.locks.AbstractQueuedSynchronizer::compareAndSetWaitStatus (13 bytes)
Event: 3.355 Thread 0x000000001809b000 nmethod 2374 0x0000000002d46250 code [0x0000000002d463a0, 0x0000000002d464f0]
Event: 3.366 Thread 0x000000001809b000 2375       3       com.google.common.collect.RegularImmutableSet::iterator (8 bytes)
Event: 3.367 Thread 0x000000001809b000 nmethod 2375 0x0000000002d4ee90 code [0x0000000002d4f060, 0x0000000002d4f928]
Event: 3.369 Thread 0x000000001809b000 2376  s    3       java.lang.StringBuffer::append (15 bytes)
Event: 3.369 Thread 0x000000001809b000 nmethod 2376 0x0000000002d3d310 code [0x0000000002d3d480, 0x0000000002d3d7a8]
Event: 3.369 Thread 0x000000001809b000 2377       3       java.lang.Class::copyConstructors (38 bytes)
Event: 3.370 Thread 0x000000001809b000 nmethod 2377 0x0000000002d4dc90 code [0x0000000002d4dea0, 0x0000000002d4e968]

GC Heap History (10 events):
Event: 1.879 GC heap before
{Heap before GC invocations=4 (full 0):
 PSYoungGen      total 37888K, used 37872K [0x00000000e0000000, 0x00000000e2a00000, 0x0000000100000000)
  eden space 32768K, 100% used [0x00000000e0000000,0x00000000e2000000,0x00000000e2000000)
  from space 5120K, 99% used [0x00000000e2000000,0x00000000e24fc050,0x00000000e2500000)
  to   space 5120K, 0% used [0x00000000e2500000,0x00000000e2500000,0x00000000e2a00000)
 ParOldGen       total 86016K, used 1844K [0x00000000a0000000, 0x00000000a5400000, 0x00000000e0000000)
  object space 86016K, 2% used [0x00000000a0000000,0x00000000a01cd098,0x00000000a5400000)
 Metaspace       used 15951K, capacity 16400K, committed 16512K, reserved 1062912K
  class space    used 2275K, capacity 2424K, committed 2432K, reserved 1048576K
Event: 1.890 GC heap after
Heap after GC invocations=4 (full 0):
 PSYoungGen      total 37888K, used 5104K [0x00000000e0000000, 0x00000000e4a00000, 0x0000000100000000)
  eden space 32768K, 0% used [0x00000000e0000000,0x00000000e0000000,0x00000000e2000000)
  from space 5120K, 99% used [0x00000000e2500000,0x00000000e29fc030,0x00000000e2a00000)
  to   space 5120K, 0% used [0x00000000e2000000,0x00000000e2000000,0x00000000e2500000)
 ParOldGen       total 86016K, used 4810K [0x00000000a0000000, 0x00000000a5400000, 0x00000000e0000000)
  object space 86016K, 5% used [0x00000000a0000000,0x00000000a04b2950,0x00000000a5400000)
 Metaspace       used 15951K, capacity 16400K, committed 16512K, reserved 1062912K
  class space    used 2275K, capacity 2424K, committed 2432K, reserved 1048576K
}
Event: 2.485 GC heap before
{Heap before GC invocations=5 (full 0):
 PSYoungGen      total 37888K, used 37872K [0x00000000e0000000, 0x00000000e4a00000, 0x0000000100000000)
  eden space 32768K, 100% used [0x00000000e0000000,0x00000000e2000000,0x00000000e2000000)
  from space 5120K, 99% used [0x00000000e2500000,0x00000000e29fc030,0x00000000e2a00000)
  to   space 5120K, 0% used [0x00000000e2000000,0x00000000e2000000,0x00000000e2500000)
 ParOldGen       total 86016K, used 4810K [0x00000000a0000000, 0x00000000a5400000, 0x00000000e0000000)
  object space 86016K, 5% used [0x00000000a0000000,0x00000000a04b2950,0x00000000a5400000)
 Metaspace       used 18938K, capacity 19416K, committed 19584K, reserved 1067008K
  class space    used 2747K, capacity 2926K, committed 2944K, reserved 1048576K
Event: 2.493 GC heap after
Heap after GC invocations=5 (full 0):
 PSYoungGen      total 37888K, used 5104K [0x00000000e0000000, 0x00000000e5400000, 0x0000000100000000)
  eden space 32768K, 0% used [0x00000000e0000000,0x00000000e0000000,0x00000000e2000000)
  from space 5120K, 99% used [0x00000000e2000000,0x00000000e24fc040,0x00000000e2500000)
  to   space 10240K, 0% used [0x00000000e4a00000,0x00000000e4a00000,0x00000000e5400000)
 ParOldGen       total 86016K, used 8447K [0x00000000a0000000, 0x00000000a5400000, 0x00000000e0000000)
  object space 86016K, 9% used [0x00000000a0000000,0x00000000a083ff38,0x00000000a5400000)
 Metaspace       used 18938K, capacity 19416K, committed 19584K, reserved 1067008K
  class space    used 2747K, capacity 2926K, committed 2944K, reserved 1048576K
}
Event: 2.645 GC heap before
{Heap before GC invocations=6 (full 0):
 PSYoungGen      total 37888K, used 18991K [0x00000000e0000000, 0x00000000e5400000, 0x0000000100000000)
  eden space 32768K, 42% used [0x00000000e0000000,0x00000000e0d8fe38,0x00000000e2000000)
  from space 5120K, 99% used [0x00000000e2000000,0x00000000e24fc040,0x00000000e2500000)
  to   space 10240K, 0% used [0x00000000e4a00000,0x00000000e4a00000,0x00000000e5400000)
 ParOldGen       total 86016K, used 8447K [0x00000000a0000000, 0x00000000a5400000, 0x00000000e0000000)
  object space 86016K, 9% used [0x00000000a0000000,0x00000000a083ff38,0x00000000a5400000)
 Metaspace       used 20686K, capacity 21150K, committed 21296K, reserved 1067008K
  class space    used 2955K, capacity 3119K, committed 3200K, reserved 1048576K
Event: 2.650 GC heap after
Heap after GC invocations=6 (full 0):
 PSYoungGen      total 75776K, used 7463K [0x00000000e0000000, 0x00000000e5400000, 0x0000000100000000)
  eden space 65536K, 0% used [0x00000000e0000000,0x00000000e0000000,0x00000000e4000000)
  from space 10240K, 72% used [0x00000000e4a00000,0x00000000e5149f40,0x00000000e5400000)
  to   space 10240K, 0% used [0x00000000e4000000,0x00000000e4000000,0x00000000e4a00000)
 ParOldGen       total 86016K, used 8455K [0x00000000a0000000, 0x00000000a5400000, 0x00000000e0000000)
  object space 86016K, 9% used [0x00000000a0000000,0x00000000a0841f38,0x00000000a5400000)
 Metaspace       used 20686K, capacity 21150K, committed 21296K, reserved 1067008K
  class space    used 2955K, capacity 3119K, committed 3200K, reserved 1048576K
}
Event: 2.650 GC heap before
{Heap before GC invocations=7 (full 1):
 PSYoungGen      total 75776K, used 7463K [0x00000000e0000000, 0x00000000e5400000, 0x0000000100000000)
  eden space 65536K, 0% used [0x00000000e0000000,0x00000000e0000000,0x00000000e4000000)
  from space 10240K, 72% used [0x00000000e4a00000,0x00000000e5149f40,0x00000000e5400000)
  to   space 10240K, 0% used [0x00000000e4000000,0x00000000e4000000,0x00000000e4a00000)
 ParOldGen       total 86016K, used 8455K [0x00000000a0000000, 0x00000000a5400000, 0x00000000e0000000)
  object space 86016K, 9% used [0x00000000a0000000,0x00000000a0841f38,0x00000000a5400000)
 Metaspace       used 20686K, capacity 21150K, committed 21296K, reserved 1067008K
  class space    used 2955K, capacity 3119K, committed 3200K, reserved 1048576K
Event: 2.674 GC heap after
Heap after GC invocations=7 (full 1):
 PSYoungGen      total 75776K, used 0K [0x00000000e0000000, 0x00000000e5400000, 0x0000000100000000)
  eden space 65536K, 0% used [0x00000000e0000000,0x00000000e0000000,0x00000000e4000000)
  from space 10240K, 0% used [0x00000000e4a00000,0x00000000e4a00000,0x00000000e5400000)
  to   space 10240K, 0% used [0x00000000e4000000,0x00000000e4000000,0x00000000e4a00000)
 ParOldGen       total 58368K, used 8434K [0x00000000a0000000, 0x00000000a3900000, 0x00000000e0000000)
  object space 58368K, 14% used [0x00000000a0000000,0x00000000a083cb80,0x00000000a3900000)
 Metaspace       used 20686K, capacity 21150K, committed 21296K, reserved 1067008K
  class space    used 2955K, capacity 3119K, committed 3200K, reserved 1048576K
}
Event: 3.204 GC heap before
{Heap before GC invocations=8 (full 1):
 PSYoungGen      total 75776K, used 65536K [0x00000000e0000000, 0x00000000e5400000, 0x0000000100000000)
  eden space 65536K, 100% used [0x00000000e0000000,0x00000000e4000000,0x00000000e4000000)
  from space 10240K, 0% used [0x00000000e4a00000,0x00000000e4a00000,0x00000000e5400000)
  to   space 10240K, 0% used [0x00000000e4000000,0x00000000e4000000,0x00000000e4a00000)
 ParOldGen       total 58368K, used 8434K [0x00000000a0000000, 0x00000000a3900000, 0x00000000e0000000)
  object space 58368K, 14% used [0x00000000a0000000,0x00000000a083cb80,0x00000000a3900000)
 Metaspace       used 28981K, capacity 29554K, committed 29696K, reserved 1075200K
  class space    used 3916K, capacity 4096K, committed 4096K, reserved 1048576K
Event: 3.210 GC heap after
Heap after GC invocations=8 (full 1):
 PSYoungGen      total 75776K, used 8050K [0x00000000e0000000, 0x00000000e5400000, 0x0000000100000000)
  eden space 65536K, 0% used [0x00000000e0000000,0x00000000e0000000,0x00000000e4000000)
  from space 10240K, 78% used [0x00000000e4000000,0x00000000e47dca88,0x00000000e4a00000)
  to   space 10240K, 0% used [0x00000000e4a00000,0x00000000e4a00000,0x00000000e5400000)
 ParOldGen       total 58368K, used 8442K [0x00000000a0000000, 0x00000000a3900000, 0x00000000e0000000)
  object space 58368K, 14% used [0x00000000a0000000,0x00000000a083eb80,0x00000000a3900000)
 Metaspace       used 28981K, capacity 29554K, committed 29696K, reserved 1075200K
  class space    used 3916K, capacity 4096K, committed 4096K, reserved 1048576K
}

Deoptimization events (10 events):
Event: 3.068 Thread 0x000000001a0ce800 Uncommon trap: reason=unstable_if action=reinterpret pc=0x00000000026e1480 method=java.util.HashMap.getNode(ILjava/lang/Object;)Ljava/util/HashMap$Node; @ 53
Event: 3.068 Thread 0x000000001a0ce800 Uncommon trap: reason=unstable_if action=reinterpret pc=0x00000000028cd2dc method=java.util.HashMap.hash(Ljava/lang/Object;)I @ 1
Event: 3.068 Thread 0x000000001a0ce800 Uncommon trap: reason=unstable_if action=reinterpret pc=0x00000000028c2e40 method=java.util.HashMap.putVal(ILjava/lang/Object;Ljava/lang/Object;ZZ)Ljava/lang/Object; @ 85
Event: 3.104 Thread 0x000000001a0ce800 Uncommon trap: reason=unstable_if action=reinterpret pc=0x00000000027572f0 method=java.util.LinkedHashMap.afterNodeInsertion(Z)V @ 1
Event: 3.188 Thread 0x000000001a0ce800 Uncommon trap: reason=unstable_if action=reinterpret pc=0x0000000002c7aac8 method=java.util.WeakHashMap.put(Ljava/lang/Object;Ljava/lang/Object;)Ljava/lang/Object; @ 72
Event: 3.211 Thread 0x0000000002475000 Uncommon trap: reason=unstable_if action=reinterpret pc=0x00000000029986fc method=java.lang.ref.Reference.tryHandlePending(Z)Z @ 104
Event: 3.218 Thread 0x000000001a0ce800 Uncommon trap: reason=class_check action=maybe_recompile pc=0x0000000002a782c8 method=sun.misc.URLClassPath.getLoader(I)Lsun/misc/URLClassPath$Loader; @ 94
Event: 3.221 Thread 0x000000001a0ce800 Uncommon trap: reason=class_check action=maybe_recompile pc=0x0000000002a7e280 method=sun.misc.URLClassPath.getLoader(I)Lsun/misc/URLClassPath$Loader; @ 239
Event: 3.264 Thread 0x000000001a0ce800 Uncommon trap: reason=unstable_if action=reinterpret pc=0x000000000272a10c method=java.io.WinNTFileSystem.resolve(Ljava/lang/String;Ljava/lang/String;)Ljava/lang/String; @ 49
Event: 3.281 Thread 0x000000001a0ce800 Uncommon trap: reason=unstable_if action=reinterpret pc=0x0000000002d04f90 method=org.codehaus.groovy.runtime.metaclass.MetaMethodIndex.addMethodToList(Ljava/lang/Object;Lgroovy/lang/MetaMethod;)Ljava/lang/Object; @ 226

Classes redefined (0 events):
No events

Internal exceptions (10 events):
Event: 3.289 Thread 0x000000001a0ce800 Exception <a 'java/lang/ClassNotFoundException': org/gradle/api/internal/DefaultNamedDomainObjectCollectionBeanInfo> (0x00000000e0ff5d10) thrown at [D:\src\AOSP-openjdk-cygwin\jdk8u\hotspot\src\share\vm\classfile\systemDictionary.cpp, line 210]
Event: 3.289 Thread 0x000000001a0ce800 Exception <a 'java/lang/ClassNotFoundException': org/gradle/api/internal/DefaultDomainObjectCollectionBeanInfo> (0x00000000e1025120) thrown at [D:\src\AOSP-openjdk-cygwin\jdk8u\hotspot\src\share\vm\classfile\systemDictionary.cpp, line 210]
Event: 3.289 Thread 0x000000001a0ce800 Exception <a 'java/lang/ClassNotFoundException': java/util/AbstractCollectionBeanInfo> (0x00000000e1029878) thrown at [D:\src\AOSP-openjdk-cygwin\jdk8u\hotspot\src\share\vm\classfile\systemDictionary.cpp, line 210]
Event: 3.289 Thread 0x000000001a0ce800 Exception <a 'java/lang/ClassNotFoundException': java/util/AbstractCollectionCustomizer> (0x00000000e102dfe0) thrown at [D:\src\AOSP-openjdk-cygwin\jdk8u\hotspot\src\share\vm\classfile\systemDictionary.cpp, line 210]
Event: 3.290 Thread 0x000000001a0ce800 Exception <a 'java/lang/ClassNotFoundException': org/gradle/api/internal/DefaultDomainObjectCollectionCustomizer> (0x00000000e1068a68) thrown at [D:\src\AOSP-openjdk-cygwin\jdk8u\hotspot\src\share\vm\classfile\systemDictionary.cpp, line 210]
Event: 3.292 Thread 0x000000001a0ce800 Exception <a 'java/lang/ClassNotFoundException': org/gradle/api/internal/DefaultNamedDomainObjectCollectionCustomizer> (0x00000000e10c1790) thrown at [D:\src\AOSP-openjdk-cygwin\jdk8u\hotspot\src\share\vm\classfile\systemDictionary.cpp, line 210]
Event: 3.293 Thread 0x000000001a0ce800 Exception <a 'java/lang/ClassNotFoundException': org/gradle/api/internal/DefaultNamedDomainObjectListCustomizer> (0x00000000e112ffb8) thrown at [D:\src\AOSP-openjdk-cygwin\jdk8u\hotspot\src\share\vm\classfile\systemDictionary.cpp, line 210]
Event: 3.294 Thread 0x000000001a0ce800 Exception <a 'java/lang/ClassNotFoundException': org/gradle/api/internal/artifacts/DefaultArtifactRepositoryContainerCustomizer> (0x00000000e119c928) thrown at [D:\src\AOSP-openjdk-cygwin\jdk8u\hotspot\src\share\vm\classfile\systemDictionary.cpp, line 210
Event: 3.295 Thread 0x000000001a0ce800 Exception <a 'java/lang/ClassNotFoundException': org/gradle/api/internal/artifacts/dsl/DefaultRepositoryHandlerCustomizer> (0x00000000e11f9f50) thrown at [D:\src\AOSP-openjdk-cygwin\jdk8u\hotspot\src\share\vm\classfile\systemDictionary.cpp, line 210]
Event: 3.296 Thread 0x000000001a0ce800 Exception <a 'java/lang/ClassNotFoundException': org/gradle/api/internal/artifacts/dsl/DefaultRepositoryHandler_DecoratedCustomizer> (0x00000000e126d3c8) thrown at [D:\src\AOSP-openjdk-cygwin\jdk8u\hotspot\src\share\vm\classfile\systemDictionary.cpp, line

Events (10 events):
Event: 3.373 loading class org/gradle/api/internal/notations/ComponentIdentifierParserFactory$StringNotationConverter
Event: 3.373 loading class org/gradle/api/internal/notations/ComponentIdentifierParserFactory$StringNotationConverter done
Event: 3.373 loading class org/gradle/api/internal/notations/ComponentIdentifierParserFactory$ComponentIdentifierMapNotationConverter
Event: 3.373 loading class org/gradle/api/internal/notations/ComponentIdentifierParserFactory$ComponentIdentifierMapNotationConverter done
Event: 3.374 loading class org/gradle/api/internal/artifacts/dsl/MetadataRuleWrapper
Event: 3.374 loading class org/gradle/api/internal/artifacts/dsl/MetadataRuleWrapper done
Event: 3.374 loading class org/gradle/internal/component/external/model/NoOpDerivationStrategy
Event: 3.374 loading class org/gradle/internal/component/external/model/NoOpDerivationStrategy done
Event: 3.374 loading class org/gradle/api/internal/artifacts/dsl/ModuleReplacementsData
Event: 3.374 loading class org/gradle/api/internal/artifacts/dsl/ModuleReplacementsData done


Dynamic libraries:
0x00007ff784f50000 - 0x00007ff784f81000 	C:\Users\Kantarat\Desktop\javaja\andriod\jre\bin\java.exe
0x00007ffd6d440000 - 0x00007ffd6d630000 	C:\Windows\SYSTEM32\ntdll.dll
0x00007ffd5df70000 - 0x00007ffd5df85000 	C:\Program Files\AVAST Software\Avast\aswhook.dll
0x00007ffd6c3f0000 - 0x00007ffd6c4a2000 	C:\Windows\System32\KERNEL32.DLL
0x00007ffd6ac90000 - 0x00007ffd6af33000 	C:\Windows\System32\KERNELBASE.dll
0x00007ffd6d0c0000 - 0x00007ffd6d163000 	C:\Windows\System32\ADVAPI32.dll
0x00007ffd6c530000 - 0x00007ffd6c5ce000 	C:\Windows\System32\msvcrt.dll
0x00007ffd6c5d0000 - 0x00007ffd6c667000 	C:\Windows\System32\sechost.dll
0x00007ffd6b710000 - 0x00007ffd6b830000 	C:\Windows\System32\RPCRT4.dll
0x00007ffd6b860000 - 0x00007ffd6b9f4000 	C:\Windows\System32\USER32.dll
0x00007ffd6ac60000 - 0x00007ffd6ac81000 	C:\Windows\System32\win32u.dll
0x00007ffd6c8d0000 - 0x00007ffd6c8f6000 	C:\Windows\System32\GDI32.dll
0x00007ffd6af70000 - 0x00007ffd6b104000 	C:\Windows\System32\gdi32full.dll
0x00007ffd6b1b0000 - 0x00007ffd6b24e000 	C:\Windows\System32\msvcp_win.dll
0x00007ffd6b250000 - 0x00007ffd6b34a000 	C:\Windows\System32\ucrtbase.dll
0x00007ffd59810000 - 0x00007ffd59a95000 	C:\Windows\WinSxS\amd64_microsoft.windows.common-controls_6595b64144ccf1df_6.0.18362.720_none_e6beb5c51314836b\COMCTL32.dll
0x00007ffd6cd80000 - 0x00007ffd6d0b6000 	C:\Windows\System32\combase.dll
0x00007ffd6b130000 - 0x00007ffd6b1b0000 	C:\Windows\System32\bcryptPrimitives.dll
0x00007ffd6b830000 - 0x00007ffd6b85e000 	C:\Windows\System32\IMM32.DLL
0x000000006e030000 - 0x000000006e102000 	C:\Users\Kantarat\Desktop\javaja\andriod\jre\jre\bin\msvcr100.dll
0x000000006e210000 - 0x000000006ea56000 	C:\Users\Kantarat\Desktop\javaja\andriod\jre\jre\bin\server\jvm.dll
0x00007ffd6c8c0000 - 0x00007ffd6c8c8000 	C:\Windows\System32\PSAPI.DLL
0x00007ffd537f0000 - 0x00007ffd537f9000 	C:\Windows\SYSTEM32\WSOCK32.dll
0x00007ffd6c4c0000 - 0x00007ffd6c52f000 	C:\Windows\System32\WS2_32.dll
0x00007ffd66c20000 - 0x00007ffd66c44000 	C:\Windows\SYSTEM32\WINMM.dll
0x00007ffd63c60000 - 0x00007ffd63c6a000 	C:\Windows\SYSTEM32\VERSION.dll
0x00007ffd66bf0000 - 0x00007ffd66c1d000 	C:\Windows\SYSTEM32\WINMMBASE.dll
0x00007ffd6b350000 - 0x00007ffd6b39a000 	C:\Windows\System32\cfgmgr32.dll
0x00007ffd672d0000 - 0x00007ffd672df000 	C:\Users\Kantarat\Desktop\javaja\andriod\jre\jre\bin\verify.dll
0x00007ffd669e0000 - 0x00007ffd66a09000 	C:\Users\Kantarat\Desktop\javaja\andriod\jre\jre\bin\java.dll
0x00007ffd5dfa0000 - 0x00007ffd5dfb6000 	C:\Users\Kantarat\Desktop\javaja\andriod\jre\jre\bin\zip.dll
0x00007ffd6bd00000 - 0x00007ffd6c3e5000 	C:\Windows\System32\SHELL32.dll
0x00007ffd6b4f0000 - 0x00007ffd6b599000 	C:\Windows\System32\shcore.dll
0x00007ffd6a480000 - 0x00007ffd6ac00000 	C:\Windows\System32\windows.storage.dll
0x00007ffd6a380000 - 0x00007ffd6a3a3000 	C:\Windows\System32\profapi.dll
0x00007ffd6a330000 - 0x00007ffd6a37a000 	C:\Windows\System32\powrprof.dll
0x00007ffd6a300000 - 0x00007ffd6a310000 	C:\Windows\System32\UMPDC.dll
0x00007ffd6d3a0000 - 0x00007ffd6d3f2000 	C:\Windows\System32\shlwapi.dll
0x00007ffd6a310000 - 0x00007ffd6a321000 	C:\Windows\System32\kernel.appcore.dll
0x00007ffd6b110000 - 0x00007ffd6b127000 	C:\Windows\System32\cryptsp.dll
0x00007ffd5a950000 - 0x00007ffd5a96a000 	C:\Users\Kantarat\Desktop\javaja\andriod\jre\jre\bin\net.dll
0x00007ffd69b70000 - 0x00007ffd69bd7000 	C:\Windows\system32\mswsock.dll
0x00007ffd58950000 - 0x00007ffd58961000 	C:\Users\Kantarat\Desktop\javaja\andriod\jre\jre\bin\nio.dll
0x00007ffd50d60000 - 0x00007ffd50d86000 	C:\Users\Kantarat\.gradle\native\29\windows-amd64\native-platform.dll
0x00007ffd672c0000 - 0x00007ffd672cd000 	C:\Users\Kantarat\Desktop\javaja\andriod\jre\jre\bin\management.dll
0x00007ffd696e0000 - 0x00007ffd69713000 	C:\Windows\system32\rsaenh.dll
0x00007ffd6af40000 - 0x00007ffd6af66000 	C:\Windows\System32\bcrypt.dll
0x00007ffd6a1f0000 - 0x00007ffd6a215000 	C:\Windows\SYSTEM32\USERENV.dll
0x00007ffd69d40000 - 0x00007ffd69d4c000 	C:\Windows\SYSTEM32\CRYPTBASE.dll
0x00007ffd69880000 - 0x00007ffd698ba000 	C:\Windows\SYSTEM32\IPHLPAPI.DLL
0x00007ffd6c4b0000 - 0x00007ffd6c4b8000 	C:\Windows\System32\NSI.dll
0x00007ffd600c0000 - 0x00007ffd600d6000 	C:\Windows\SYSTEM32\dhcpcsvc6.DLL
0x00007ffd60570000 - 0x00007ffd6058c000 	C:\Windows\SYSTEM32\dhcpcsvc.DLL
0x00007ffd698c0000 - 0x00007ffd6998a000 	C:\Windows\SYSTEM32\DNSAPI.dll

VM Arguments:
jvm_args: -Xmx1536m -Dfile.encoding=windows-1252 -Duser.country=US -Duser.language=en -Duser.variant 
java_command: org.gradle.launcher.daemon.bootstrap.GradleDaemon 5.4.1
java_class_path (initial): C:\Users\Kantarat\.gradle\wrapper\dists\gradle-5.4.1-all\3221gyojl5jsh0helicew7rwx\gradle-5.4.1\lib\gradle-launcher-5.4.1.jar
Launcher Type: SUN_STANDARD

Environment Variables:
PATH=C:\Program Files (x86)\Common Files\Oracle\Java\javapath;C:\Windows\system32;C:\Windows;C:\Windows\System32\Wbem;C:\Windows\System32\WindowsPowerShell\v1.0\;C:\Windows\System32\OpenSSH\;C:\Program Files\NVIDIA Corporation\NVIDIA NvDLISR;C:\Program Files\Git\cmd;C:\Users\Kantarat\AppData\Local\Microsoft\WindowsApps;
USERNAME=Kantarat
OS=Windows_NT
PROCESSOR_IDENTIFIER=Intel64 Family 6 Model 126 Stepping 5, GenuineIntel



---------------  S Y S T E M  ---------------

OS: Windows 10.0 , 64 bit Build 18362 (10.0.18362.329)

CPU:total 8 (initial active 8) (4 cores per cpu, 2 threads per core) family 6 model 126 stepping 5, cmov, cx8, fxsr, mmx, sse, sse2, sse3, ssse3, sse4.1, sse4.2, popcnt, avx, avx2, aes, clmul, erms, 3dnowpref, lzcnt, ht, tsc, tscinvbit, bmi1, bmi2, adx

Memory: 4k page, physical 8150496k(807076k free), swap 33316320k(5760k free)

vm_info: OpenJDK 64-Bit Server VM (25.202-b03) for windows-amd64 JRE (1.8.0_202-release-1483-b03), built by "builder" with MS VC++ 10.0 (VS2010)

time: Mon Apr 13 19:47:34 2020
timezone: SE Asia Standard Time
elapsed time: 3 seconds (0d 0h 0m 3s)

